[0.007s] Invoking command in '/home/semih/ws_offboard_control/build/px4_ros_com': CMAKE_PREFIX_PATH=/home/semih/ws_offboard_control/install/px4_msgs:/home/semih/ws_offboard_control/install/px4_ros_com:/home/semih/ws_offboard_control/install/px4_offboard:/opt/ros/humble LD_LIBRARY_PATH=/home/semih/ws_offboard_control/install/px4_msgs/lib:/home/semih/ws_offboard_control/install/px4_ros_com/lib:/opt/ros/humble/opt/rviz_ogre_vendor/lib:/opt/ros/humble/lib/x86_64-linux-gnu:/opt/ros/humble/lib /usr/bin/cmake /home/semih/ws_offboard_control/src/px4_ros_com -DCMAKE_INSTALL_PREFIX=/home/semih/ws_offboard_control/install/px4_ros_com
[0.054s] -- The C compiler identification is GNU 11.4.0
[0.104s] -- The CXX compiler identification is GNU 11.4.0
[0.110s] -- Detecting C compiler ABI info
[0.167s] -- Detecting C compiler ABI info - done
[0.175s] -- Check for working C compiler: /usr/bin/cc - skipped
[0.176s] -- Detecting C compile features
[0.176s] -- Detecting C compile features - done
[0.179s] -- Detecting CXX compiler ABI info
[0.251s] -- Detecting CXX compiler ABI info - done
[0.259s] -- Check for working CXX compiler: /usr/bin/c++ - skipped
[0.260s] -- Detecting CXX compile features
[0.260s] -- Detecting CXX compile features - done
[0.262s] -- Found ament_cmake: 1.3.12 (/opt/ros/humble/share/ament_cmake/cmake)
[0.653s] -- Found Python3: /usr/bin/python3 (found version "3.10.12") found components: Interpreter 
[0.742s] -- Found builtin_interfaces: 1.2.2 (/opt/ros/humble/share/builtin_interfaces/cmake)
[0.771s] -- Found rosidl_generator_c: 3.1.7 (/opt/ros/humble/share/rosidl_generator_c/cmake)
[0.775s] -- Found rosidl_adapter: 3.1.7 (/opt/ros/humble/share/rosidl_adapter/cmake)
[0.783s] -- Found rosidl_generator_cpp: 3.1.7 (/opt/ros/humble/share/rosidl_generator_cpp/cmake)
[0.795s] -- Using all available rosidl_typesupport_c: rosidl_typesupport_fastrtps_c;rosidl_typesupport_introspection_c
[0.811s] -- Using all available rosidl_typesupport_cpp: rosidl_typesupport_fastrtps_cpp;rosidl_typesupport_introspection_cpp
[0.829s] -- Found eigen3_cmake_module: 0.1.1 (/opt/ros/humble/share/eigen3_cmake_module/cmake)
[0.837s] -- Found Eigen3: TRUE (found version "3.4.0") 
[0.838s] -- Found geometry_msgs: 4.9.0 (/opt/ros/humble/share/geometry_msgs/cmake)
[0.873s] -- Found px4_msgs: 2.0.1 (/home/semih/ws_offboard_control/install/px4_msgs/share/px4_msgs/cmake)
[0.888s] -- Found rclcpp: 16.0.14 (/opt/ros/humble/share/rclcpp/cmake)
[0.935s] -- Found rmw_implementation_cmake: 6.1.2 (/opt/ros/humble/share/rmw_implementation_cmake/cmake)
[0.938s] -- Found rmw_fastrtps_cpp: 6.2.8 (/opt/ros/humble/share/rmw_fastrtps_cpp/cmake)
[1.021s] -- Found OpenSSL: /usr/lib/x86_64-linux-gnu/libcrypto.so (found version "3.0.2")  
[1.050s] -- Found FastRTPS: /opt/ros/humble/include  
[1.094s] -- Using RMW implementation 'rmw_fastrtps_cpp' as default
[1.103s] -- Looking for pthread.h
[1.165s] -- Looking for pthread.h - found
[1.165s] -- Performing Test CMAKE_HAVE_LIBC_PTHREAD
[1.231s] -- Performing Test CMAKE_HAVE_LIBC_PTHREAD - Success
[1.232s] -- Found Threads: TRUE  
[1.280s] -- Found sensor_msgs: 4.9.0 (/opt/ros/humble/share/sensor_msgs/cmake)
[1.305s] -- Found rclpy: 3.3.17 (/opt/ros/humble/share/rclpy/cmake)
[1.313s] -- Found ament_lint_auto: 0.12.14 (/opt/ros/humble/share/ament_lint_auto/cmake)
[1.453s] -- Added test 'copyright' to check source files copyright and LICENSE
[1.461s] -- Added test 'cppcheck' to perform static code analysis on C / C++ code
[1.462s] -- Configured cppcheck include dirs: /home/semih/ws_offboard_control/src/px4_ros_com/include;$<BUILD_INTERFACE:/home/semih/ws_offboard_control/src/px4_ros_com/include/px4_ros_com>
[1.462s] -- Configured cppcheck exclude dirs and/or files: 
[1.470s] -- Added test 'cpplint' to check C / C++ code against the Google style
[1.470s] -- Configured cpplint exclude dirs and/or files: 
[1.472s] -- Added test 'flake8' to check Python code syntax and style conventions
[1.475s] -- Added test 'lint_cmake' to check CMake code style
[1.477s] -- Added test 'pep257' to check Python code against some of the docstring style conventions in PEP 257
[1.484s] -- Added test 'uncrustify' to check C / C++ code style
[1.485s] -- Configured uncrustify additional arguments: 
[1.487s] -- Added test 'xmllint' to check XML markup files
[1.491s] -- Configuring done
[1.540s] -- Generating done
[1.561s] -- Build files have been written to: /home/semih/ws_offboard_control/build/px4_ros_com
[1.579s] Invoked command in '/home/semih/ws_offboard_control/build/px4_ros_com' returned '0': CMAKE_PREFIX_PATH=/home/semih/ws_offboard_control/install/px4_msgs:/home/semih/ws_offboard_control/install/px4_ros_com:/home/semih/ws_offboard_control/install/px4_offboard:/opt/ros/humble LD_LIBRARY_PATH=/home/semih/ws_offboard_control/install/px4_msgs/lib:/home/semih/ws_offboard_control/install/px4_ros_com/lib:/opt/ros/humble/opt/rviz_ogre_vendor/lib:/opt/ros/humble/lib/x86_64-linux-gnu:/opt/ros/humble/lib /usr/bin/cmake /home/semih/ws_offboard_control/src/px4_ros_com -DCMAKE_INSTALL_PREFIX=/home/semih/ws_offboard_control/install/px4_ros_com
[1.582s] Invoking command in '/home/semih/ws_offboard_control/build/px4_ros_com': CMAKE_PREFIX_PATH=/home/semih/ws_offboard_control/install/px4_msgs:/home/semih/ws_offboard_control/install/px4_ros_com:/home/semih/ws_offboard_control/install/px4_offboard:/opt/ros/humble LD_LIBRARY_PATH=/home/semih/ws_offboard_control/install/px4_msgs/lib:/home/semih/ws_offboard_control/install/px4_ros_com/lib:/opt/ros/humble/opt/rviz_ogre_vendor/lib:/opt/ros/humble/lib/x86_64-linux-gnu:/opt/ros/humble/lib /usr/bin/cmake --build /home/semih/ws_offboard_control/build/px4_ros_com -- -j8 -l8
[1.679s] [  8%] [32mBuilding CXX object CMakeFiles/frame_transforms.dir/src/lib/frame_transforms.cpp.o[0m
[1.685s] [ 25%] [32mBuilding CXX object CMakeFiles/vehicle_gps_position_listener.dir/src/examples/listeners/vehicle_gps_position_listener.cpp.o[0m
[1.687s] [ 25%] [32mBuilding CXX object CMakeFiles/debug_vect_advertiser.dir/src/examples/advertisers/debug_vect_advertiser.cpp.o[0m
[1.688s] [ 33%] [32mBuilding CXX object CMakeFiles/sensor_combined_listener.dir/src/examples/listeners/sensor_combined_listener.cpp.o[0m
[1.688s] [ 50%] [32mBuilding CXX object CMakeFiles/offboard_control_srv.dir/src/examples/offboard/offboard_control_srv.cpp.o[0m
[1.689s] [ 50%] [32mBuilding CXX object CMakeFiles/offboard_control.dir/src/examples/offboard/offboard_control.cpp.o[0m
[1.710s] [ 50%] Built target ament_cmake_python_copy_px4_ros_com
[2.556s] running egg_info
[2.630s] creating px4_ros_com.egg-info
[2.630s] writing px4_ros_com.egg-info/PKG-INFO
[2.638s] writing dependency_links to px4_ros_com.egg-info/dependency_links.txt
[2.638s] writing top-level names to px4_ros_com.egg-info/top_level.txt
[2.639s] writing manifest file 'px4_ros_com.egg-info/SOURCES.txt'
[2.894s] reading manifest file 'px4_ros_com.egg-info/SOURCES.txt'
[2.899s] writing manifest file 'px4_ros_com.egg-info/SOURCES.txt'
[2.994s] [ 50%] Built target ament_cmake_python_build_px4_ros_com_egg
[14.076s] [ 58%] [32m[1mLinking CXX executable debug_vect_advertiser[0m
[14.550s] [ 66%] [32m[1mLinking CXX executable offboard_control[0m
[14.723s] [ 66%] Built target debug_vect_advertiser
[15.239s] [ 66%] Built target offboard_control
[16.565s] [ 75%] [32m[1mLinking CXX executable offboard_control_srv[0m
[17.094s] [ 75%] Built target offboard_control_srv
[18.982s] [ 83%] [32m[1mLinking CXX shared library libframe_transforms.so[0m
[19.325s] [ 83%] Built target frame_transforms
[20.508s] [ 91%] [32m[1mLinking CXX executable vehicle_gps_position_listener[0m
[21.155s] [ 91%] Built target vehicle_gps_position_listener
[21.556s] [100%] [32m[1mLinking CXX executable sensor_combined_listener[0m
[21.963s] [100%] Built target sensor_combined_listener
[21.974s] Invoked command in '/home/semih/ws_offboard_control/build/px4_ros_com' returned '0': CMAKE_PREFIX_PATH=/home/semih/ws_offboard_control/install/px4_msgs:/home/semih/ws_offboard_control/install/px4_ros_com:/home/semih/ws_offboard_control/install/px4_offboard:/opt/ros/humble LD_LIBRARY_PATH=/home/semih/ws_offboard_control/install/px4_msgs/lib:/home/semih/ws_offboard_control/install/px4_ros_com/lib:/opt/ros/humble/opt/rviz_ogre_vendor/lib:/opt/ros/humble/lib/x86_64-linux-gnu:/opt/ros/humble/lib /usr/bin/cmake --build /home/semih/ws_offboard_control/build/px4_ros_com -- -j8 -l8
[21.975s] Invoking command in '/home/semih/ws_offboard_control/build/px4_ros_com': CMAKE_PREFIX_PATH=/home/semih/ws_offboard_control/install/px4_msgs:/home/semih/ws_offboard_control/install/px4_ros_com:/home/semih/ws_offboard_control/install/px4_offboard:/opt/ros/humble LD_LIBRARY_PATH=/home/semih/ws_offboard_control/install/px4_msgs/lib:/home/semih/ws_offboard_control/install/px4_ros_com/lib:/opt/ros/humble/opt/rviz_ogre_vendor/lib:/opt/ros/humble/lib/x86_64-linux-gnu:/opt/ros/humble/lib /usr/bin/cmake --install /home/semih/ws_offboard_control/build/px4_ros_com
[21.983s] -- Install configuration: ""
[21.983s] -- Installing: /home/semih/ws_offboard_control/install/px4_ros_com/lib/px4_ros_com/sensor_combined_listener
[21.985s] -- Set runtime path of "/home/semih/ws_offboard_control/install/px4_ros_com/lib/px4_ros_com/sensor_combined_listener" to ""
[21.985s] -- Installing: /home/semih/ws_offboard_control/install/px4_ros_com/lib/px4_ros_com/vehicle_gps_position_listener
[21.988s] -- Set runtime path of "/home/semih/ws_offboard_control/install/px4_ros_com/lib/px4_ros_com/vehicle_gps_position_listener" to ""
[21.988s] -- Installing: /home/semih/ws_offboard_control/install/px4_ros_com/lib/px4_ros_com/debug_vect_advertiser
[21.989s] -- Set runtime path of "/home/semih/ws_offboard_control/install/px4_ros_com/lib/px4_ros_com/debug_vect_advertiser" to ""
[21.989s] -- Installing: /home/semih/ws_offboard_control/install/px4_ros_com/lib/px4_ros_com/offboard_control
[21.990s] -- Set runtime path of "/home/semih/ws_offboard_control/install/px4_ros_com/lib/px4_ros_com/offboard_control" to ""
[21.990s] -- Installing: /home/semih/ws_offboard_control/install/px4_ros_com/lib/px4_ros_com/offboard_control_srv
[21.991s] -- Set runtime path of "/home/semih/ws_offboard_control/install/px4_ros_com/lib/px4_ros_com/offboard_control_srv" to ""
[21.992s] -- Installing: /home/semih/ws_offboard_control/install/px4_ros_com/share/px4_ros_com/environment/library_path.sh
[21.992s] -- Installing: /home/semih/ws_offboard_control/install/px4_ros_com/share/px4_ros_com/environment/library_path.dsv
[21.992s] -- Installing: /home/semih/ws_offboard_control/install/px4_ros_com/include/px4_ros_com
[21.992s] -- Installing: /home/semih/ws_offboard_control/install/px4_ros_com/include/px4_ros_com/frame_transforms.h
[21.992s] -- Installing: /home/semih/ws_offboard_control/install/px4_ros_com/lib/libframe_transforms.so
[21.995s] -- Set runtime path of "/home/semih/ws_offboard_control/install/px4_ros_com/lib/libframe_transforms.so" to ""
[21.995s] -- Installing: /home/semih/ws_offboard_control/install/px4_ros_com/share/px4_ros_com//launch
[21.995s] -- Installing: /home/semih/ws_offboard_control/install/px4_ros_com/share/px4_ros_com//launch/offboard_control_launch.yaml
[21.995s] -- Installing: /home/semih/ws_offboard_control/install/px4_ros_com/share/px4_ros_com//launch/sensor_combined_listener.launch.py
[21.995s] -- Installing: /home/semih/ws_offboard_control/install/px4_ros_com/share/px4_ros_com//test
[21.995s] -- Installing: /home/semih/ws_offboard_control/install/px4_ros_com/share/px4_ros_com//test/pipeline_io_test.py
[21.995s] -- Installing: /home/semih/ws_offboard_control/install/px4_ros_com/share/px4_ros_com//test/__init__.py
[21.995s] -- Installing: /home/semih/ws_offboard_control/install/px4_ros_com/share/px4_ros_com//test/test_output.py
[21.995s] -- Installing: /home/semih/ws_offboard_control/install/px4_ros_com/share/px4_ros_com//test/test_input.py
[21.996s] -- Installing: /home/semih/ws_offboard_control/install/px4_ros_com/share/px4_ros_com/environment/pythonpath.sh
[21.996s] -- Installing: /home/semih/ws_offboard_control/install/px4_ros_com/share/px4_ros_com/environment/pythonpath.dsv
[21.996s] -- Installing: /home/semih/ws_offboard_control/install/px4_ros_com/local/lib/python3.10/dist-packages/px4_ros_com-0.1.0-py3.10.egg-info
[21.996s] -- Installing: /home/semih/ws_offboard_control/install/px4_ros_com/local/lib/python3.10/dist-packages/px4_ros_com-0.1.0-py3.10.egg-info/PKG-INFO
[21.996s] -- Installing: /home/semih/ws_offboard_control/install/px4_ros_com/local/lib/python3.10/dist-packages/px4_ros_com-0.1.0-py3.10.egg-info/top_level.txt
[21.996s] -- Installing: /home/semih/ws_offboard_control/install/px4_ros_com/local/lib/python3.10/dist-packages/px4_ros_com-0.1.0-py3.10.egg-info/SOURCES.txt
[21.996s] -- Installing: /home/semih/ws_offboard_control/install/px4_ros_com/local/lib/python3.10/dist-packages/px4_ros_com-0.1.0-py3.10.egg-info/dependency_links.txt
[21.996s] -- Installing: /home/semih/ws_offboard_control/install/px4_ros_com/local/lib/python3.10/dist-packages/px4_ros_com
[21.996s] -- Installing: /home/semih/ws_offboard_control/install/px4_ros_com/local/lib/python3.10/dist-packages/px4_ros_com/__init__.py
[21.996s] -- Installing: /home/semih/ws_offboard_control/install/px4_ros_com/local/lib/python3.10/dist-packages/px4_ros_com/module_to_import.py
[22.032s] Listing '/home/semih/ws_offboard_control/install/px4_ros_com/local/lib/python3.10/dist-packages/px4_ros_com'...
[22.032s] Compiling '/home/semih/ws_offboard_control/install/px4_ros_com/local/lib/python3.10/dist-packages/px4_ros_com/__init__.py'...
[22.032s] Compiling '/home/semih/ws_offboard_control/install/px4_ros_com/local/lib/python3.10/dist-packages/px4_ros_com/module_to_import.py'...
[22.036s] -- Installing: /home/semih/ws_offboard_control/install/px4_ros_com/lib/px4_ros_com/offboard_control.py
[22.037s] -- Installing: /home/semih/ws_offboard_control/install/px4_ros_com/share/ament_index/resource_index/package_run_dependencies/px4_ros_com
[22.037s] -- Installing: /home/semih/ws_offboard_control/install/px4_ros_com/share/ament_index/resource_index/parent_prefix_path/px4_ros_com
[22.037s] -- Installing: /home/semih/ws_offboard_control/install/px4_ros_com/share/px4_ros_com/environment/ament_prefix_path.sh
[22.037s] -- Installing: /home/semih/ws_offboard_control/install/px4_ros_com/share/px4_ros_com/environment/ament_prefix_path.dsv
[22.037s] -- Installing: /home/semih/ws_offboard_control/install/px4_ros_com/share/px4_ros_com/environment/path.sh
[22.037s] -- Installing: /home/semih/ws_offboard_control/install/px4_ros_com/share/px4_ros_com/environment/path.dsv
[22.037s] -- Installing: /home/semih/ws_offboard_control/install/px4_ros_com/share/px4_ros_com/local_setup.bash
[22.037s] -- Installing: /home/semih/ws_offboard_control/install/px4_ros_com/share/px4_ros_com/local_setup.sh
[22.038s] -- Installing: /home/semih/ws_offboard_control/install/px4_ros_com/share/px4_ros_com/local_setup.zsh
[22.038s] -- Installing: /home/semih/ws_offboard_control/install/px4_ros_com/share/px4_ros_com/local_setup.dsv
[22.038s] -- Installing: /home/semih/ws_offboard_control/install/px4_ros_com/share/px4_ros_com/package.dsv
[22.038s] -- Installing: /home/semih/ws_offboard_control/install/px4_ros_com/share/ament_index/resource_index/packages/px4_ros_com
[22.038s] -- Installing: /home/semih/ws_offboard_control/install/px4_ros_com/share/px4_ros_com/cmake/export_frame_transformsExport.cmake
[22.038s] -- Installing: /home/semih/ws_offboard_control/install/px4_ros_com/share/px4_ros_com/cmake/export_frame_transformsExport-noconfig.cmake
[22.038s] -- Installing: /home/semih/ws_offboard_control/install/px4_ros_com/share/px4_ros_com/cmake/ament_cmake_export_dependencies-extras.cmake
[22.038s] -- Installing: /home/semih/ws_offboard_control/install/px4_ros_com/share/px4_ros_com/cmake/ament_cmake_export_targets-extras.cmake
[22.038s] -- Installing: /home/semih/ws_offboard_control/install/px4_ros_com/share/px4_ros_com/cmake/ament_cmake_export_include_directories-extras.cmake
[22.038s] -- Installing: /home/semih/ws_offboard_control/install/px4_ros_com/share/px4_ros_com/cmake/ament_cmake_export_libraries-extras.cmake
[22.038s] -- Installing: /home/semih/ws_offboard_control/install/px4_ros_com/share/px4_ros_com/cmake/px4_ros_comConfig.cmake
[22.038s] -- Installing: /home/semih/ws_offboard_control/install/px4_ros_com/share/px4_ros_com/cmake/px4_ros_comConfig-version.cmake
[22.039s] -- Installing: /home/semih/ws_offboard_control/install/px4_ros_com/share/px4_ros_com/package.xml
[22.041s] Invoked command in '/home/semih/ws_offboard_control/build/px4_ros_com' returned '0': CMAKE_PREFIX_PATH=/home/semih/ws_offboard_control/install/px4_msgs:/home/semih/ws_offboard_control/install/px4_ros_com:/home/semih/ws_offboard_control/install/px4_offboard:/opt/ros/humble LD_LIBRARY_PATH=/home/semih/ws_offboard_control/install/px4_msgs/lib:/home/semih/ws_offboard_control/install/px4_ros_com/lib:/opt/ros/humble/opt/rviz_ogre_vendor/lib:/opt/ros/humble/lib/x86_64-linux-gnu:/opt/ros/humble/lib /usr/bin/cmake --install /home/semih/ws_offboard_control/build/px4_ros_com
